This is TeX, Version 3.1415926 (TeX Live 2013) (format=tex 2020.8.28)  26 JUL 2021 21:24
**INSTALL.tex
(./INSTALL.tex (./parimacro.tex
\std=\read0
 (./paricfg.tex)
\toc=\write0
\out=\write1
\aux=\write2
\index=\write3

FIRST PASS
No aux file.
\appno=\count26
\chapno=\count27
\secno=\count28
\subsecno=\count29
\subsubsecno=\count30
\euffam=\fam8
) (./appa.tex
!PariEmacs!tt!1!
[1
\openout3 = `INSTALL.idx'.

\openout2 = `INSTALL.aux'.


{\fam \bffam \tenbf Appendix A: {Installation Guide for the UNIX Versions} \dot
fill1}
] [2] [3] [4] [5] [6] [7] [8] [9] [10] [11]) )
Output written on INSTALL.dvi (11 pages, 34276 bytes).
